simplified/build/intermediates/manifest_merge_blame_file/debug/manifest-merger-blame-debug-report.txt
1<?xml version="1.0" encoding="utf-8"?>
2<manifest xmlns:android="http://schemas.android.com/apk/res/android"
3    package="com.architecture.simplified"
4    android:versionCode="1"
5    android:versionName="1.0" >
6
7    <uses-sdk
8        android:minSdkVersion="21"
8-->src\main\AndroidManifest.xml
9        android:targetSdkVersion="29" />
9-->src\main\AndroidManifest.xml
10
11    <uses-permission android:name="android.permission.WRITE_EXTERNAL_STORAGE" />
12    <uses-permission android:name="android.permission.READ_PHONE_STATE" />
13    <uses-permission android:name="android.permission.READ_EXTERNAL_STORAGE" />
14
15    <application
15-->src\main\AndroidManifest.xml:5:5-34:19
16        android:name="com.architecture.simplified.MainApplication"
16-->src\main\AndroidManifest.xml:6:9-40
17        android:allowBackup="true"
17-->src\main\AndroidManifest.xml:7:9-35
18        android:appComponentFactory="androidx.core.app.CoreComponentFactory"
18-->[androidx.core:core:1.3.1] AndroidManifest.xml:24:18-86
19        android:debuggable="true"
20        android:icon="@mipmap/ic_launcher"
20-->src\main\AndroidManifest.xml:8:9-43
21        android:label="@string/app_name"
21-->src\main\AndroidManifest.xml:9:9-41
22        android:roundIcon="@mipmap/ic_launcher_round"
22-->src\main\AndroidManifest.xml:10:9-54
23        android:supportsRtl="true"
23-->src\main\AndroidManifest.xml:11:9-35
24        android:theme="@style/AppTheme" >
24-->src\main\AndroidManifest.xml:12:9-40
25        <activity
25-->src\main\AndroidManifest.xml:13:9-22:20
26            android:name="com.architecture.simplified.LauncherActivity"
26-->src\main\AndroidManifest.xml:14:13-45
27            android:label="@string/app_name"
27-->src\main\AndroidManifest.xml:15:13-45
28            android:theme="@style/AppTheme.NoActionBar" >
28-->src\main\AndroidManifest.xml:16:13-56
29            <intent-filter>
29-->src\main\AndroidManifest.xml:17:13-21:29
30                <action android:name="android.intent.action.MAIN" />
30-->src\main\AndroidManifest.xml:18:17-69
30-->src\main\AndroidManifest.xml:18:25-66
31
32                <category android:name="android.intent.category.LAUNCHER" />
32-->src\main\AndroidManifest.xml:20:17-77
32-->src\main\AndroidManifest.xml:20:27-74
33            </intent-filter>
34        </activity>
35        <activity
35-->src\main\AndroidManifest.xml:24:9-26:52
36            android:name="com.architecture.simplified.OnBoardingActivity"
36-->src\main\AndroidManifest.xml:25:13-47
37            android:screenOrientation="portrait" />
37-->src\main\AndroidManifest.xml:26:13-49
38        <activity
38-->src\main\AndroidManifest.xml:27:9-29:52
39            android:name="com.architecture.simplified.MainActivity"
39-->src\main\AndroidManifest.xml:28:13-41
40            android:screenOrientation="portrait" />
40-->src\main\AndroidManifest.xml:29:13-49
41
42        <meta-data
42-->src\main\AndroidManifest.xml:31:9-33:57
43            android:name="preloaded_fonts"
43-->src\main\AndroidManifest.xml:32:13-43
44            android:resource="@array/preloaded_fonts" />
44-->src\main\AndroidManifest.xml:33:13-54
45    </application>
46
47</manifest>